[    0.000000] Initializing cgroup subsys cpuset
[    0000000] Initializing cgroup subsys cpu
[    0.000000] Initializing cgroup subsys cpuacct
[    0.000000] Linuxversion 4.4.0-141-generic (buildd@lcy01-amd64-006) (gcc version 5.4.0 20160609 (Ubuntu 5.4.0-6ubuntu1~16.04.10) ) #167-Ubuntu SMP Wed Dec 5 10:40: UTC 2018 (Ubuntu 4.4.0-141.167-generic 4.4.162)
[    0.000000] Command line: BOOT_IMAGE=/boot/vmlinuz-4.4.0-141-generic root=LABEL=cloudimg-rootfs ro console=tty1 console=ttyS0
[    0.000000] KERNEL supported cpus:
[    0.000000]   Intel GenuineIntel
[    0.000000]   AMD AuthenticAMD
[    0.000000]   Centaur CentaurHauls
[    0.000000] x86/fpu: xstate_offset[2]:  576, xstate_sizes[2]:  256
[    0.000000] x86/fpu: Supporting XSAVE feature 0x01: 'x87 floating point registers'
[    0.000000] x86/fpu: Supporting XSAVE feature 0x02: 'SSE registers'
[    0.000000] x86/fpu: Supporting XSAVE feature 0x04: 'AVX registers'
[    0.000000] x86/fpu: Enabled xstate features 0x7, context size is 832 bytes, using 'standard' format.
[    0.000000] e820: BIOS-provided physical RAM map:
[    0.000000] BIOS-e820: [mem 0x0000000000000000-0x000000000009fbff] usable
[    0.000000] BIOS-e820: [mem 0x000000000009fc00-0x000000000009ffff] reserved
[    0.000000] BIOS-e820: [mem 0x00000000000f0000-0x00000000000fffff] reserved
[    0.000000] BIOS-e820: [mem 0x0000000000100000-0x000000001ffeffff] usable
[    0.000000] BIOS-e820: [mem 0x000000001fff0000-0x000000001fffffff] ACPI data
[    0.000000] BIOS-e820: [mem 0x00000000fec00000-0x00000000fec00fff] reserved
[    0.000000] BIOS-e820: [mem 0x00000000fee00000-0x00000000fee00fff] reserved
[    0.000000] BIOS-e820: [mem 0x00000000fffc0000-0x00000000ffffffff] reserved
[    0.000000] NX (Execute Disable) protection: active
[    0.000000] SMBIOS 2.5 present.
[    0.000000] Hypervisor detected: KVM
[    0.000000] e820: last_pfn = 0x1fff0 max_arch_pfn = 0x400000000
[    0.000000] MTRR: Disabled
[    0.000000] x86/PAT: MTRRs disabled, skipping PAT initialization too.
[    0.000000] CPU MTRRs all blank - virtualized system.
[    0.000000] x86/PAT: Configuration [0-7]: WB  WT  UC- UC  WB  WT  UC- UC  
[    0.000000] found SMP MP-table at [mem 0x0009fff0-0x0009ffff] mapped at [ffff88000009fff0]
[    0.000000] Scanning 1 areas for low memory corruption
[    0.000000] RAMDISK: [mem 0x1e8db000-0x1f750fff]
[    0.000000] ACPI: Early table checksum verification disabled
[    0.000000] ACPI: RSDP 0x00000000000E0000 000024 (v02 VBOX  )
[    0.000000] ACPI: XSDT 0x000000001FFF0030 00003C (v01 VBOX   VBOXXSDT 00000001 ASL  00000061)
[    0.000000] ACPI: FACP 0x000000001FFF00F0 0000F4 (v04 VBOX   VBOXFACP 00000001 ASL  00000061)
[    0.000000] ACPI: DSDT 0x000000001FFF0470 0021FF (v02 VBOX   VBOXBIOS 00000002 INTL 20100528)
[    0.000000] ACPI: FACS 0x000000001FFF0200 000040
[    0.000000] API: FACS 0x000000001FFF0200 000040
[    0.000000] ACPI: APIC 0x000000001FFF0240 00005C (v02 VBOX   VBOXAPIC 00000001 ASL  00000061)
[    0.000000] ACPI: SSDT 0x000000001FFF02A0 0001CC (v01 VBOX   VBOXCPUT 00000002 INTL 20100528)
[    0.000000] No NUMA configuration found
[    0.000000] Faking a node at [mem 0x0000000000000000-0x000000001ffeffff]
[    0.000000] NODE_DATA(0) allocated [mem 0x1ffeb000-0x1ffeffff]
[    0.000000] kvm-clock: Using msrs 4b564d01 and 4b564d00
[    0.00000] kvm-clock: cpu 0, msr 0:1ffe3001, primary cpu clock
[    0.000000] kvm-clock: using sched offset of 4196871272 cycles
[    0.000000] clocksource: kvm-clock: mask: 0xffffffffffffffff max_cycles: 0x1cd42e4dffb, max_idle_ns: 881590591483 ns
[    0.000000] Zone ranges:
[    0.000000]   DMA      [mem 0x0000000000001000-0x0000000000ffffff]
[    0.000000]   DMA32    [mem 0x0000000001000000-0x000000001ffeffff]
[    0.000000]   Normal   empty
[    0.000000]   Device   empty
[    0.000000] Movable zone start for each node
[    0.000000] Early memory node ranges
[    0.000000]   node   0: [mem 0x0000000000001000-0x000000000009efff]
[    0.000000]   node   0: [mem 0x0000000000100000-0x000000001ffeffff]
[    0.000000] Initmem setup node 0 [mem 0x0000000000001000-0x000000001ffeffff]
[    0.000000] ACPI: PM-Timer IO Port: 0x4008
[    0.000000] IOAPIC[0]: apic_id 2, version 32, address 0xfec00000, GSI 0-23
[    0.000000] ACPI: INT_SRC_OVR (bus 0 bus_irq 0 global_irq 2 dfl dfl)
[    0.000000] ACPI: INT_SRC_OVR (bus 0 bus_irq 9 global_irq 9 low level)
[    0.000000] Using ACPI (MADT) for SMP configuration information
[    0.000000] smpboot: Allowing 2 CPUs, 0 hotplug CPUs
[    0.000000] PM: Registered nosave memory: [mem 0x00000000-0x00000fff]
[    0.000000] PM: Registered nosave memory: [mem 0x0009f000-0x0009ffff]
[    0.000000] PM: Registered nosave memory: [mem 0x000a0000-0x000effff]
[    0.000000] PM: Registered nosave memory: [mem 0x000f0000-0x000fffff]
[    0.000000] e820: [mem 0x20000000-0xfebfffff] available for PCI devices
[    0.000000] Booting paravirtualized kernel on KVM
[    0.000000] clocksource: refined-jiffies: mask: 0xffffffff max_cycles: 0xffffffff, max_idle_ns: 7645519600211568 ns
[    0.000000] setup_percpu: NR_CPUS:512 nr_cpumask_bits:512 nr_cpu_ids:2 nr_node_ids:1
[    0.000000] PERCPU: Embedded 34 pages/cpu @ffff88001fc00000 s99608 r8192 d31464 u1048576
[    0.000000] PV qspinlock hash table entries: 256 (order: 0, 4096 bytes)
[    0.000000] Built 1 zonelists in Node order, mobility grouping on.  Total pages: 128888
[    0.000000] Policy zone: DMA32
[    0.000000] Kernel command line: BOOT_IMAGE=/boot/vmlinuz-4.4.0-141-generic root=LABEL=cloudimg-rootfs ro console=tty1 console=ttyS0
[    0.000000] PID hash table entries: 2048 (order: 2, 16384 bytes)
[    0.000000] Memory: 481616K/523832K available (8568K kernel code, 1314K rwdata, 4008K rodata, 1528K init, 1316K bss, 42216K reserved, 0K cma-reserved)
[    0.000000] SLUB: HWalign=64, Order=0-3, MinObjects=0, CPUs=2, Nodes=1
[    0.000000] Kernel/User page tables isolation: enabled
[    0.000000] Hierarchical RCU implementation.
[    0.000000] 	Build-time adjustment of leaf fanout to 64.
[    0.000000] 	RCU restricting CPUs from NR_CPUS=512 to nr_cpu_ids=2.
[    0.000000] RCU: Adjusting geometry for rcu_fanout_leaf=64, nr_cpu_ids=2
[    0.000000] NR_IRQS:33024 nr_irqs:440 16
[    0.000000 Console: colour VGA+ 80x25
[    0.000000] console [tty1] enabled
[    0.000000] console [ttyS0] enabled
[    0.000000] tsc: Detected 2899.998 MHz processor
[    0.348639] Calibrating delay loop (skipped) preset value.. 5799.99 BogoMIPS (lpj=11599992)
[    0.351378] pid_max: default: 32768 minimum: 301
[    0.352889] ACPI: Core revision 20150930
[    0.354962] ACPI: 2 ACPI AML tables successfully acquired and loaded
[    0.357097] Security Framework initialized
[    0.3584222] Yama: becoming mindful.
[    0.368661] AppArmor: AppArmor initialized
[    0.370319] Dentry cache hash table entries: 65536 (order: 7, 524288 bytes)
[    0.373221] Inode-cache hash table entries: 32768 (order: 6, 262144 bytes)
[    0.375573] Mount-cache hash table entries: 1024 (order: 1, 8192 bytes)
[    0.377606] Mountpoint-cache hash table entries: 1024 (order: 1, 8192 bytes)
[    0.379971] Initializing cgroup subsys io
[    0.381321] Initializing cgroup subsys memory
[    0.382721] Initializing cgroup subsys devices
[    0.384284] Initializing cgroup subsys freezer
[    0.385724] Initializing cgroup subsys net_cls
[    0.387189] Initializing cgroup subsys perf_event
[    0.388764] Initializing cgroup subsys net_prio
[    0.390281] Initializing cgroup subsys hugetlb
[    0.391766] Initializing cgroup subsys pids
[    0.394587] mce: CPU supports 0 MCE banks
[    0.395962] Last level iTLB entries: 4KB 64, 2MB 8, 4MB 8
[    0.397680] Last level dTLB entries: 4KB 64, 2MB 0, 4MB 0, 1GB 4
[    0.399663] Spectre V2 : Mitigation: Full generic retpoline
[    0.401504] Spectre V2 : Spectre v2 mitigation: Speculation control IBPB not-supported IBRS not-supported
[    0.406394] Spectre V2 : Spectre v2 / SpectreRSB mitigation: Filling RSB on context switch
[    0.409403] Speculative Store Bypass: Vulnerable
[    0.413333] Freeing SMP alternatives memory: 32K
[    0.422276] ftrace: allocating 32291 entries in 127 pages
[    0.478734] smpboot: APIC(0) Converting physical 0 to logical package 0
[    0.490070] smpboot: Max logical packages: 1
[    0.495911] x2apic enabled
[    0.497664] Switched APIC routing to physical x2apic.
[    0.500943] ..TIMER: vector=0x30 apic1=0 pin1=2 apic2=-1 pin2=-1
[    0.611768] smpboot: CPU0: Intel(R) Core(TM) i5-5287U CPU @ 2.90GHz (family: 0x6, model: 0x3d, stepping: 0x4)
[    0.635544] Performance Events: unsupported p6 CPU model 61 no PMU driver, software events only.
[    0.653892] KVM setup paravirtual spinlock
[    0.656445] x86: Booting SMP configuration:
[    0.657900] .... node  #0, CPUs:      #1
[    0.659863] kvm-clock: cpu 1, msr 0:1ffe3041, secondary cpu clock
[    0.675852] mce: CPU supports 0 MCE banks
[    0.690889] x86: Booted up 1 node, 2 CPUs
[    0.698281] smpboot: Total of 2 processors activated (11599.99 BogoMIPS)
[    0.703885] devtmpfs: initialized
[    0.706497] evm: security.selinux
[    0.708100] evm: security.SMACK64
[    0.713727] evm: security.SMACK64EXEC
[    0.715653] evm: security.SMACK64TRANSMUTE
[    0.717419] evm: security.SMACK64MMAP
[    0.719026] evm: security.ima
[    0.720356] evm: security.capability
[    0.722203] clocksource: jiffies: mask: 0xffffffff max_cycles: 0xffffffff, max_idle_ns: 7645041785100000 ns
[    0.726286] futex hash table entries: 512 (order: 3, 32768 bytes)
[    0.730016] pinctrl core: initialized pinctrl subsystem
[    0.745906] RTC time: 21:59:29, date: 01/29/19
[    0.747805] NET: Registered protocol family 16
[    0.760755] cpuidle: using governor ladder
[    0.772788] cpuidle: using governor menu
[    0.774589] PCCT header not found.
[    0.776188] ACPI: bus type PCI registered
[    0.777780] acpiphp: ACPI Hot Plug PCI Controller Driver version: 0.5
[    0.780130] PCI: Using configuration type 1 for base access
[    0.793592] ACPI: Added _OSI(Module Device)
[    0.795116] ACPI: Added _OSI(Processor Device)
[    0.800909] ACPI: Added _OSI(3.0 _SCP Extensions)
[    0.802474] ACPI: Added _OSI(Processor Aggregator Device)
[    0.805246] ACPI: Executed 1 blocks of module-level executable AML code
[    0.815838] ACPI: Interpreter enabled
[    0.821128] ACPI: (supports S0 S5)
[    0.828169] ACPI: Using IOAPIC for interrupt routing
[    0.830337] PCI: Using host bridge windows from ACPI; if necessary, use "pci=nocrs" and report a bug
[    0.838705] ACPI: PCI Root Bridge [PCI0] (domain 0000 [bus 00-ff])
[    0.847763] acpi PNP0A03:00: _OSC: OS supports [ASPM ClockPM Segments MSI]
[    0.855713] acpi PNP0A03:00: _OSC: not requesting OS control; OS requires [ExtendedConfig ASPM ClockPM MSI]
[    0.864761] acpi PNP0A03:00: fail to add MMCONFIG information, can't access extended PCI configuration space under this bridge.
[    0.874533] PCI host bridge to bus 0000:00
[    0.883373] pci_bus 0000:00: root bus resource [io  0x0000-0x0cf7 window]
[    0.887322] pci_bus 0000:00: root bus resource [io  0x0d00-0xffff window]
[    0.892878] pci_bus 0000:00: root bus resource [mem 0x000a0000-0x000bffff window]
[    0.897578] pci_bus 0000:00: root bus resource [mem 0x20000000-0xfdffffff window]
[    0.908943] pci_bus 0000:00: root bus resource [bus 00-ff]
[    0.931725] pci 0000:00:01.1: legacy IDE quirk: reg 0x10: [io  0x01f0-0x01f7]
[    0.942998] pci 0000:00:01.1: legacy IDE quirk: reg 0x14: [io  0x03f6]
[    0.949143] pci 0000:00:01.1: legacy IDE quirk: reg 0x18: [io  0x0170-0x0177]
[    0.951410] pci 0000:00:01.1: legacy IDE quirk: reg 0x1c: [io  0x0376]
[    0.985358] pci 0000:00:07.0: quirk: [io  0x4000-0x403f] claimed by PIIX4 ACPI
[    0.988573] pci 0000:00:07.0: quirk: [io  0x4100-0x410f] claimed by PIIX4 SMB
[    1.007139] ACPI: PCI Interrupt Link [LNKA] (IRQs 5 9 10 *11)
[    1.010324] ACPI: PCI Interrupt Link [LNKB] (IRQs 5 9 *10 11)
[    1.013609] ACPI: PCI Interrupt Link [LNKC] (IRQs 5 *9 10 11)
[    1.016209] ACPI: PCI Interrupt Link [LNKD] (IRQs 5 9 10 *11)
[    1.024682] ACPI: Enabled 2 GPEs in block 00 to 07
[    1.034803] vgaarb: setting as boot device: PCI:0000:00:02.0
[    1.042894] vgaarb: device added: PCI:0000:00:02.0,decodes=io+mem,owns=io+mem,locks=none
[    1.053864] vgaarb: loaded
[    1.060754] vgaarb: bridge control possible 0000:00:02.0
[    1.074215] SCSI subsystem initialized
[    1.076112] ACPI: bus type USB registered
[    1.085373] usbcore: registered new interface driver usbfs
[    1.095942] usbcore: registered new interface driver hub
[    1.098848] usbcore: registered new device driver usb
[    1.101492] PCI: Using ACPI for IRQ routing
[    1.106060] NetLabel: Initializing
[    1.114607] NetLabel:  domain hash size = 128
[    1.117541] NetLabel:  protocols = UNLABELED CIPSOv4
[    1.119573] NetLabel:  unlabeled traffic allowed by default
[    1.121928] amd_nb: Cannot enumerate AMD northbridges
[    1.123712] clocksource: Switched to clocksource kvm-clock
[    1.133001] AppArmor: AppArmor Filesystem Enabled
[    1.135014] pnp: PnP ACPI init
[    1.137981] pnp: PnP ACPI: found 3 devices
[    1.155408] clocksource: acpi_pm: mask: 0xffffff max_cycles: 0xffffff, max_idle_ns: 2085701024 ns
[    1.158810] NET: Registered protocol family 2
[    1.160641] TCP established hash table entries: 4096 (order: 3, 32768 bytes)
[    1.162966] TCP bind hash table entries: 4096 (order: 4, 65536 bytes)
[    1.165149] TCP: Hash tables configured (established 4096 bind 4096)
[    1.167256] UDP hash table entries: 256 (order: 1, 8192 bytes)
[    1.169203] UDP-Lite hash table entries: 256 (order: 1, 8192 bytes)
[    1.171309] NET: Registered protocol family 1
[    1.172964] pci 0000:00:00.0: Limiting direct PCI/PCI transfers
[    1.175003] pci 0000:00:01.0: Activating ISA DMA hang workarounds
[    1.179342] Unpacking initramfs...
[    1.404212] Freeing initrd memory: 14808K
[    1.428420] RAPL PMU detected, API unit is 2^-32 Joules, 4 fixed counters 10737418240 ms ovfl timer
[    1.441128] hw unit of domain pp0-core 2^-0 Joules
[    1.464142] hw unit of domain package 2^-0 Joules
[    1.484640] hw unit of domain dram 2^-0 Joules
[    1.486531] hw unit of domain pp1-gpu 2^-0 Joules
[    1.488185] platform rtc_cmos: registered platform RTC device (no PNP device found)
[    1.490688] Scanning for low memory corruption every 60 seconds
[    1.493037] audit: initializing netlink subsys (disabled)
[    1.494782] audit: type=2000 audit(1548799175.791:1): initialized
[    1.496990] Initialise system trusted keyring
[    1.498542] HugeTLB registered 2 MB page size, pre-allocated 0 pages
[    1.501649] zbud: loaded
[    1.502896] VFS: Disk quotas dquot_6.6.0
[    1.504551] VFS: Dquot-cache hash table entries: 512 (order 0, 4096 bytes)
[    1.512584] squashfs: version 4.0 (2009/01/31) Phillip Lougher
[    1.532846] fuse init (API version 7.23)
[    1.534975] Key type big_key registered
[    1.537559] Allocating IMA MOK and blacklist keyrings.
[    1.541150] Key type asymmetric registered
[    1.542495] Asymmetric key parser 'x509' registered
[    1.544107] Block layer SCSI generic (bsg) driver version 0.4 loaded (major 249)
[    1.546582] io scheduler noop registered
[    1.547940] io scheduler deadline registered (default)
[    1.549586] io scheduler cfq registered
[    1.550955] pci_hotplug: PCI Hot Plug PCI Core version: 0.5
[    1.552763] pciehp: PCI Express Hot Plug Controller Driver version: 0.4
[    1.555135] ACPI: AC Adapter [AC] (off-line)
[    1.556734] input: Power Button as /devices/LNXSYSTM:00/LNXPWRBN:00/input/input0
[    1.559135] ACPI: Power Button [PWRF]
[    1.560513] input: Sleep Button as /devices/LNXSYSTM:00/LNXSLPBN:00/input/input1
[    1.562893] ACPI: Sleep Button [SLPF]
[    1.564738] GHES: HEST is not enabled!
[    1.565936] ACPI: Battery Slot [BAT0] (battery present)
[    1.568192] Serial: 8250/16550 driver, 32 ports, IRQ sharing enabled
[    1.595561] 00:02: ttyS0 at I/O 0x3f8 (irq = 4, base_baud = 115200) is a 16550A
[    1.605933] Linux agpgart interface v0.103
[    1.609744] loop: module loaded
[    1.625072] scsi host0: ata_piix
[    1.640811] scsi host1: ata_piix
[    1.645172] ata1: PATA max UDMA/33 cmd 0x1f0 ctl 0x3f6 bmdma 0xd000 irq 14
[    1.647823] ata2: PATA max UDMA/33 cmd 0x170 ctl 0x376 bmdma 0xd008 irq 15
[    1.650509] libphy: Fixed MDIO Bus: probed
[    1.652393] tun: Universal TUN/TAP device driver, 1.6
[    1.659616] tun: (C) 1999-2004 Max Krasnyansky <maxk@qualcomm.com>
[    1.661821] PPP generic driver version 2.4.2
[    1.663484] ehci_hcd: USB 2.0 'Enhanced' Host Controller (EHCI) Driver
[    1.665593] ehci-pci: EHCI PCI platform driver
[    1.667065] ehci-platform: EHCI generic platform driver
[    1.668804] ohci_hcd: USB 1.1 'Open' Host Controller (OHCI) Driver
[    1.670975] ohci-pci: OHCI PCI platform driver
[    1.672538] ohci-platform: OHCI generic platform driver
[    1.674219] uhci_hcd: USB Universal Host Controller Interface driver
[    1.676443] i8042: PNP: PS/2 Controller [PNP0303:PS2K,PNP0f03:PS2M] at 0x60,0x64 irq 1,12
[    1.689405] serio: i8042 KBD port at 0x60,0x64 irq 1
[    1.692393] serio: i8042 AUX port at 0x60,0x64 irq 12
[    1.696606] mousedev: PS/2 mouse device common for all mice
[    1.701083] input: AT Translated Set 2 keyboard as /devices/platform/i8042/serio0/input/input2
[    1.708677] rtc_cmos rtc_cmos: rtc core: registered rtc_cmos as rtc0
[    1.712264] rtc_cmos rtc_cmos: alarms up to one day, 114 bytes nvram
[    1.715975] i2c /dev entries driver
[    1.718378] device-mapper: uevent: version 1.0.3
[    1.723018] device-mapper: ioctl: 4.34.0-ioctl (2015-10-28) initialised: dm-devel@redhat.com
[    1.730731] ledtrig-cpu: registered to indicate activity on CPUs
[    1.736109] NET: Registered protocol family 10
[    1.739493] NET: Registered protocol family 17
[    1.749948] Key type dns_resolver registered
[    1.754678] registered taskstats version 1
[    1.774177] Loading compiled-in X.509 certificates
[    1.785418] Loaded X.509 cert 'Build time autogenerated kernel key: 7c9fb337b82e5a343493fe891c556beae1895c7c'
[    1.789333] zswap: loaded using pool lzo/zbud
[    1.793213] Key type trusted registered
[    1.799528] Key type encrypted registered
[    1.810342] AppArmor: AppArmor sha1 policy hashing enabled
[    1.820841] ima: No TPM chip found, activating TPM-bypass!
[    1.822578] ima: Allocated hash algorithm: sha1
[    1.824191] evm: HMAC attrs: 0x1
[    1.841000]   Magic number: 3:819:1006
[    1.856848] rtc_cmos rtc_cmos: setting system clock to 2019-01-29 21:59:31 UTC (1548799171)
[    1.901011] BIOS EDD facility v0.16 2004-Jun-25, 0 devices found
[    1.903962] EDD information not available.
[    1.910050] Freeing unused kernel memory: 1528K
[    1.936148] Write protecting the kernel read-only data: 14336k
[    2.754709] tsc: Refined TSC clocksource calibration: 2899.958 MHz
[    2.796675] clocksource: tsc: mask: 0xffffffffffffffff max_cycles: 0x29cd1b3b7b7, max_idle_ns: 440795265368 ns
[    2.805965] Freeing unused kernel memory: 1660K
[    2.817153] Freeing unused kernel memory: 88K
Loading, please wait...
starting version 229
[    2.853453] random: systemd-udevd: uninitialized urandom read (16 bytes read, 5 bits of entropy available)
[    2.854790] random: udevadm: uninitialized urandom read (16 bytes read, 5 bits of entropy available)
[    2.854889] random: udevadm: uninitialized urandom read (16 bytes read, 5 bits of entropy available)
[    2.876873] random: udevadm: uninitialized urandom read (16 bytes read, 5 bits of entropy available)
[    2.877111] random: udevadm: uninitialized urandom read (16 bytes read, 5 bits of entropy available)
[    2.877564] random: udevadm: uninitialized urandom read (16 bytes read, 5 bits of entropy available)
[    2.877630] random: udevadm: uninitialized urandom read (16 bytes read, 5 bits of entropy available)
[    2.877897] random: udevadm: uninitialized urandom read (16 bytes read, 5 bits of entropy available)
[    2.877976] random: udevadm: uninitialized urandom read (16 bytes read, 5 bits of entropy available)
[    2.878123] random: udevadm: uninitialized urandom read (16 bytes read, 5 bits of entropy available)
[    2.982269] e1000: Intel(R) PRO/1000 Network Driver - version 7.3.21-k8-NAPI
[    2.995698] e1000: Copyright (c) 1999-2006 Intel Corporation.
[    3.000775] Fusion MPT base driver 3.04.20
[    3.005560] Copyright (c) 1999-2008 LSI Corporation
[    3.039749] AVX2 version of gcm_enc/dec engaged.
[    3.041523] AES CTR mode by8 optimization enabled
[    3.047167] Fusion MPT SPI Host driver 3.04.20
[    3.220977] input: ImExPS/2 Generic Explorer Mouse as /devices/platform/i8042/serio1/input/input4
[    3.446411] e1000 0000:00:03.0 eth0: (PCI:33MHz:32-bit) 02:9c:d2:53:c1:d1
[    3.455939] e1000 0000:00:03.0 eth0: Intel(R) PRO/1000 Network Connection
[    3.899672] e1000 0000:00:08.0 eth1: (PCI:33MHz:32-bit) 08:00:27:3b:ad:6e
[    3.926838] e1000 0000:00:08.0 eth1: Intel(R) PRO/1000 Network Connection
[    3.930231] e1000 0000:00:03.0 enp0s3: renamed from eth0
[    3.933854] mptbase: ioc0: Initiating bringup
[    3.940670] e1000 0000:00:08.0 enp0s8: renamed from eth1
[    4.453739] ioc0: LSI53C1030 A0: Capabilities={Initiator}
[    5.721944] scsi host2: ioc0: LSI53C1030 A0, FwRev=00000000h, Ports=1, MaxQ=256, IRQ=20
[    7.738561] scsi 2:0:0:0: Direct-Access     VBOX     HARDDISK         1.0  PQ: 0 ANSI: 5
[    7.763321] scsi target2:0:0: Beginning Domain Validation
[    7.781868] scsi target2:0:0: Domain Validation skipping write tests
[    7.783854] scsi target2:0:0: Ending Domain Validation
[    7.804039] scsi target2:0:0: asynchronous
[    7.806684] scsi 2:0:1:0: Direct-Access     VBOX     HARDDISK         1.0  PQ: 0 ANSI: 5
[    7.809296] scsi target2:0:1: Beginning Domain Validation
[    7.813937] scsi target2:0:1: Domain Validation skipping write tests
[    7.815889] scsi target2:0:1: Ending Domain Validation
[    7.817680] scsi target2:0:1: asynchronous
[    7.827115] sd 2:0:0:0: [sda] 20971520 512-byte logical blocks: (10.7 GB/10.0 GiB)
[    7.829672] sd 2:0:0:0: Attached scsi generic sg0 type 0
[    7.832021] sd 2:0:1:0: [sdb] 20480 512-byte logical blocks: (10.5 MB/10.0 MiB)
[    7.834497] sd 2:0:1:0: Attached scsi generic sg1 type 0
[    7.834781] sd 2:0:0:0: [sda] Write Protect is off
[    7.834938] sd 2:0:0:0: [sda] Incomplete mode parameter data
[    7.834940] sd 2:0:0:0: [sda] Assuming drive cache: write through
[    7.836432]  sda: sda1
[    7.837397] sd 2:0:0:0: [sda] Attached SCSI disk
[    7.840122] sd 2:0:1:0: [sdb] Write Protect is off
[    7.840279] sd 2:0:1:0: [sdb] Incomplete mode parameter data
[    7.840280] sd 2:0:1:0: [sdb] Assuming drive cache: write through
[    7.842880] sd 2:0:1:0: [sdb] Attached SCSI disk
Begin: Loading essential drivers ... [    9.172202] md: linear personality registered for level -1
[    9.182980] md: multipath personality registered for level -4
[    9.198575] md: raid0 personality registered for level 0
[    9.206604] md: raid1 personality registered for level 1
[    9.279996] raid6: sse2x1   gen() 10034 MB/s
[    9.351821] raid6: sse2x1   xor()  7673 MB/s
[    9.424413] raid6: sse2x2   gen() 12932 MB/s
[    9.503938] raid6: sse2x2   xor()  8329 MB/s
[    9.571795] raid6: sse2x4   gen()  7004 MB/s
[    9.642342] raid6: sse2x4   xor()  8071 MB/s
[    9.721087] raid6: avx2x1   gen() 17707 MB/s
[    9.801939] raid6: avx2x2   gen() 22888 MB/s
[    9.884700] raid6: avx2x4   gen() 26429 MB/s
[    9.904209] raid6: using algorithm avx2x4 gen() 26429 MB/s
[    9.906414] raid6: using avx2x2 recovery algorithm
[    9.909127] xor: automatically using best checksumming function:
[    9.962653]    avx       : 59711.000 MB/sec
[    9.981353] async_tx: api initialized (async)
[   10.008028] md: raid6 personality registered for level 6
[   10.013586] md: raid5 personality registered for level 5
[   10.036453] md: raid4 personality registered for level 4
[   10.046900] md: raid10 personality registered for level 10
done.
Begin: Running /scripts/init-premount ... done.
Begin: Mounting root file system ... Begin: Running /scripts/local-top ... done.
Begin: Running /scripts/local-premount ... [   10.105742] Btrfs loaded
Scanning for Btrfs filesystems
done.
Warning: fsck no[   10.131877] EXT4-fs (sda1): mounted filesystem with ordered data mode. Opts: (null)
t present, so skipping root file system
done.
Begin: Running /scripts/local-bottom ... done.
Begin: Running /scripts/init-bottom ... done.
[   10.260498] systemd[1]: systemd 229 running in system mode. (+PAM +AUDIT +SELINUX +IMA +APPARMOR +SMACK +SYSVINIT +UTMP +LIBCRYPTSETUP +GCRYPT +GNUTLS +ACL +XZ -LZ4 +SECCOMP +BLKID +ELFUTILS +KMOD -IDN)
[   10.270397] systemd[1]: Detected virtualization oracle.
[   10.272047] systemd[1]: Detected architecture x86-64.

Welcome to [1mUbuntu 16.04.5 LTS[0m!

[   10.281524] systemd[1]: Set hostname to <ubuntu>.
[   10.288145] systemd[1]: Initializing machine ID from random generator.
[   10.290201] systemd[1]: Installed transient /etc/machine-id file.
[   10.413629] systemd[1]: Listening on Journal Socket (/dev/log).
[[0;32m  OK  [0m] Listening on Journal Socket (/dev/log).
[   10.433053] systemd[1]: Reached target Encrypted Volumes.
[[0;32m  OK  [0m] Reached target Encrypted Volumes.
[   10.442720] systemd[1]: Listening on LVM2 poll daemon socket.
[[0;32m  OK  [0m] Listening on LVM2 poll daemon socket.
[   10.453154] systemd[1]: Listening on /dev/initctl Compatibility Named Pipe.
[[0;32m  OK  [0m] Listening on /dev/initctl Compatibility Named Pipe.
[   10.478675] systemd[1]: Reached target Swap.
[[0;32m  OK  [0m] Reached target Swap.
[   10.487278] systemd[1]: Listening on udev Control Socket.
[[0;32m  OK  [0m] Listening on udev Control Socket.
[   10.496135] systemd[1]: Listening on Journal Socket.
[[0;32m  OK  [0m] Listening on Journal Socket.
[   10.500622] systemd[1]: Created slice User and Session Slice.
[[0;32m  OK  [0m] Created slice User and Session Slice.
[   10.529428] systemd[1]: Started Trigger resolvconf update for networkd DNS.
[[0;32m  OK  [0m] Started Trigger resolvconf update for networkd DNS.
[   10.548579] systemd[1]: Reached target System Time Synchronized.
[[0;32m  OK  [0m] Reached target System Time Synchronized.
[   10.569058] systemd[1]: Set up automount Arbitrary Executable File Formats File System Automount Point.
[[0;32m  OK  [0m] Set up automount Arbitrary Executab...ats File System Automount Point.
[   10.585440] systemd[1]: Listening on Syslog Socket.
[[0;32m  OK  [0m] Listening on Syslog Socket.
[   10.597476] systemd[1]: Listening on udev Kernel Socket.
[[0;32m  OK  [0m] Listening on udev Kernel Socket.
[   10.612179] systemd[1]: Reached target User and Group Name Lookups.
[[0;32m  OK  [0m] Reached target User and Group Name Lookups.
[   10.639959] systemd[1]: Started Forward Password Requests to Wall Directory Watch.
[[0;32m  OK  [0m] Started Forward Password Requests to Wall Directory Watch.
[   10.656663] systemd[1]: Listening on Device-mapper event daemon FIFOs.
[[0;32m  OK  [0m] Listening on Device-mapper event daemon FIFOs.
[   10.679946] systemd[1]: Listening on Journal Audit Socket.
[[0;32m  OK  [0m] Listening on Journal Audit Socket.
[   10.700710] systemd[1]: Created slice System Slice.
[[0;32m  OK  [0m] Created slice System Slice.
[   10.728411] systemd[1]: Starting Load Kernel Modules...
         Starting Load Kernel Modules...
[   10.747548] systemd[1]: Starting Nameserver information manager...
[   10.752109] Loading iSCSI transport class v2.0-870.
         Starting Nameserver inf[   10.762798] iscsi: registered transport (tcp)
ormation manager...
[   10.784096] systemd[1]: Starting Remount Root and Kernel File Systems...
         Startin[   10.808030] EXT4-fs (sda1): re-mounted. Opts: (null)
g Remount Root a[   10.808282] iscsi: registered transport (iser)
nd Kernel File Systems...
[   10.831200] systemd[1]: Starting Journal Service...
         Starting Journal Service...
[   10.840952] systemd[1]: Starting Set console keymap...
         Starting Set console keymap...
[   10.861127] systemd[1]: Starting Uncomplicated firewall...
         Starting Uncomplicated firewall...
[   10.900066] systemd[1]: Mounting Huge Pages File System...
         Mounting Huge Pages File System...
[   10.906588] systemd[1]: Created slice system-serial\x2dgetty.slice.
[[0;32m  OK  [0m] Created slice system-serial\x2dgetty.slice.
[   10.918753] systemd[1]: Reached target Slices.
[[0;32m  OK  [0m] Reached target Slices.
[   10.952738] systemd[1]: Starting Create list of required static device nodes for the current kernel...
         Starting Create list of required st... nodes for the current kernel...
[   10.990809] systemd[1]: Listening on LVM2 metadata daemon socket.
[[0;32m  OK  [0m] Listening on LVM2 metadata daemon socket.
[   11.009131] random: nonblocking pool is initialized
[   11.032241] systemd[1]: Mounting POSIX Message Queue File System...
         Mounting POSIX Message Queue File System...
[   11.043969] systemd[1]: Mounting Debug File System...
         Mounting Debug File System...
[   11.052469] systemd[1]: Starting Monitoring of LVM2 mirrors, snapshots etc. using dmeventd or progress polling...
         Starting Monitoring of LVM2 mirrors... dmeventd or progress polling...
[   11.075805] systemd[1]: Mounted Debug File System.
[[0;32m  OK  [0m] Mounted Debug File System.
[   11.110028] systemd[1]: Mounted Huge Pages File System.
[[0;32m  OK  [0m] Mounted Huge Pages File System.
[   11.117898] systemd[1]: Mounted POSIX Message Queue File System.
[[0;32m  OK  [0m] Mounted POSIX Message Queue File System.
[   11.153177] systemd[1]: Started Journal Service.
[[0;32m  OK  [0m] Started Journal Service.
[[0;32m  OK  [0m] Started Load Kernel Modules.
[[0;32m  OK  [0m] Started Remount Root and Kernel File Systems.
[[0;32m  OK  [0m] Started Set console keymap.
[[0;32m  OK  [0m] Started Uncomplicated firewall.
[[0;32m  OK  [0m] Started Create list of required sta...ce nodes for the current kernel.
[[0;32m  OK  [0m] Started Nameserver information manager.
[[0;32m  OK  [0m] Started LVM2 metadata daemon.
         Starting Create Static Device Nodes in /dev...
         Starting Load/Save Random Seed...
         Starting udev Coldplug all Devices...
         Mounting FUSE Control File System...
         Starting Apply Kernel Variables...
         Starting Flush Journal to Persistent Storage...
[[0;32m  OK  [0m] Mounted FUSE Control File System.
[[0;32m  OK  [0m] Started Create Static Device Nodes in /dev.
[[0;32m  OK  [0m] Started Load/Save Random Seed.
[[0;32m  OK  [0m] Started Apply Kernel Variables.
[[0;32m  OK  [0m] Started udev Coldplug all Devices.
[[0;32m  OK  [0m] Started Flush Journal to Persistent Storage.
         Starting udev Kernel Device Manager...
[[0;32m  OK  [0m] Started udev Kernel Device Manager.
[[0;32m  OK  [0m] Started Dispatch Password Requests to Console Directory Watch.
[[0;32m  OK  [0m] Started Monitoring of LVM2 mirrors,...ng dmeventd or progress polling.
[[0;32m  OK  [0m] Reached target Local File Systems (Pre).
[[0;32m  OK  [0m] Reached target Local File Systems.
         Starting Commit a transient machine-id on disk...
         Starting Initial cloud-init job (pre-networking)...
         Starting Set console font and keymap...
         Starting LSB: AppArmor initialization...
         Starting Tell Plymouth To Write Out Runtime Data...
         Starting Create Volatile Files and Directories...
[[0;32m  OK  [0m] Started Commit a transient machine-id on disk.
[[0;32m  OK  [0m] Started Tell Plymouth To Write Out Runtime Data.
[[0;32m  OK  [0m] Started Create Volatile Files and Directories.
         Starting Update UTMP about System Boot/Shutdown...
[[0;32m  OK  [0m] Found device /dev/ttyS0.
[[0;32m  OK  [0m] Started Update UTMP about System Boot/Shutdown.
[[0;32m  OK  [0m] Listening on Load/Save RF Kill Switch Status /dev/rfkill Watch.
[[0;32m  OK  [0m] Started LSB: AppArmor initialization.
[   12.522364] cloud-init[481]: Cloud-init v. 18.4-0ubuntu1~16.04.2 running 'init-local' at Tue, 29 Jan 2019 21:59:42 +0000. Up 12.10 seconds.
[[0;32m  OK  [0m] Started Initial cloud-init job (pre-networking).
[[0;32m  OK  [0m] Reached target Network (Pre).
         Starting Raise network interfaces...
[[0;32m  OK  [0m] Started Set console font and keymap.
[[0;32m  OK  [0m] Created slice system-getty.slice.
[[0;32m  OK  [0m] Started Raise network interfaces.
[[0;32m  OK  [0m] Reached target Network.
         Starting Initial cloud-init job (metadata service crawler)...
[   13.746863] cloud-init[935]: Cloud-init v. 18.4-0ubuntu1~16.04.2 running 'init' at Tue, 29 Jan 2019 21:59:43 +0000. Up 13.16 seconds.
[   13.758005] cloud-init[935]: ci-info: ++++++++++++++++++++++++++++++++++++++Net device info+++++++++++++++++++++++++++++++++++++++
[   13.762855] cloud-init[935]: ci-info: +--------+-------+----------------------------+---------------+--------+-------------------+
[   13.789753] cloud-init[935]: ci-info: | Device |   Up  |          Address           |      Mask     | Scope  |     Hw-Address    |
[   13.804663] [[0;32m  OK  [0m] Started Initial cloud-init job (metadata service crawler).
cloud-init[935]: ci-info: +--------+-------+----------------------------+---------------+--------+-------------------+
[[0;32m  OK  [0m] Reached target System Initialization.
         Starting LXD - unix socket.
[[0;32m  OK  [0m] Listening on ACPID Listen Socket.
[   13.807311] cloud-init[935]: ci-info: | enp0s3 |  True |         10.0.2.15          | 255.255.255.0 | global | 02:9c:d2:53:c1:d1 |
[   13.881446]          Starting Socket activation for snappy daemon.
[[0;32m  OK  [0m] Started Daily apt download activities.
[[0;32m  OK  [0m] Started Daily apt upgrade and clean activities.
cloud-init[935]: ci-info: | enp0s3 |  True | fe80::9c:d2ff:fe53:c1d1/64 |       .       |  link  | 02:9c:d2:53:c1:d1 |
[   13.900637] [[0;32m  OK  [0m] Started ACPI Events Check.
[[0;32m  OK  [0m] Reached target Paths.
cloud-init[935]: ci-info: | enp0s8 | False |             .              |       .       |   .    | 08:00:27:3b:ad:6e |
[   13.930473] [[0;32m  OK  [0m] Listening on UUID daemon activation socket.
cloud-init[935]: ci-info: |   lo   |  True |         127.0.0.1          |   255.0.0.0   |  host  |         .         |
[   14.004088] [cloud-init[0;32m  OK  [0m[935]: ] ci-info: |   lo   |  True |          ::1/128           |       .       |  host  |         .         |Started Daily Cleanup of Temporary Directories.

[[0;32m  OK  [0m] Reached target Timers.
[[0;32m  OK  [0m] Listening on D-Bus System Message Bus Socket.
[[0;32m  OK  [0m] Reached target Cloud-config availability.
[   14.005435] cloud-init[935]: ci-info: +--------+-------+----------------------------+---------------+--------+-------------------+
[   14.109723] [[0;32m  OK  [0m] Reached target Network is Online.
cloud-init[935]: ci-info: +++++++++++++++++++++++++++Route IPv4 info++++++++++++++++++++++++++++
[   14.129765]          cloud-initStarting iSCSI initiator daemon (iscsid)...[935]: 
ci-info: +-------+-------------+----------+---------------+-----------+-------+
[   14.145549] [[0;32m  OK  [0m] Listening on LXD - unix socket.
cloud-init[935]: ci-info: | Route | Destination | Gateway  |    Genmask    | Interface | Flags |
[[0;32m  OK  [0m] Listening on Socket activation for snappy daemon.
[   14.147328] cloud-init[935]: ci-info: +-------+-------------+----------+---------------+-----------+-------+
[   14.198003] cloud-init[935]: ci-info: |   0   |   0.0.0.0   | 10.0.2.2 |    0.0.0.0    |   enp0s3  |   UG  |
[   14.203154] cloud-init[935]: ci-info: |   1   |   10.0.2.0  | 0.0.0.0  | 255.255.255.0 |   enp0s3  |   U   |
[[0;32m  OK  [0m] Started iSCSI initiator daemon (iscsid).
[   14.203726] cloud-init[935]: ci-info: +-------+-------------+----------+---------------+-----------+-------+
[   14.249376]          Starting Login to default iSCSI targets...
cloud-init[935]: ci-info: +++++++++++++++++++Route IPv6 info+++++++++++++++++++
[[0;32m  OK  [0m] Reached target Sockets.
[[0;32m  OK  [0m] Reached target Basic System.
[   14.251516] cloud-init[935]: ci-info: +-------+-------------+---------+-----------+-------+
[   14.304634]          Starting Accounts Service...
cloud-init[935]: ci-info: | Route | Destination | Gateway | Interface | Flags |
[   14.310604] cloud-init[935]: ci-info: +-------+-------------+---------+-----------+-------+
[   14.311213] [[0;32m  OK  [0m] Started Regular background program processing daemon.
cloud-init[935]: ci-info: |   0   |  fe80::/64  |    ::   |   enp0s3  |   U   |
[   14.329742] cloud-init[935]: ci-info: |   3   |   ff00::/8  |    ::   |   enp0s3  |   U   |
[   14.330036] cloud-init[935]:          ci-info: +-------+-------------+---------+-----------+-------+Starting Pollinate to seed the pseudo random number generator...

[   14.330870] cloud-init[935]: Generating public/private rsa key pair.
[   14.365714] cloud-init[935]: Your identification has been saved in /etc/ssh/ssh_host_rsa_key.
[   14.369029] cloud-init[935]: Your public key has been saved in /etc/ssh/ssh_host_rsa_key.pub.
[   14.372446] cloud-init[935]: The key fingerprint is:
[   14.385140] cloud-init[935]: SHA256:/R2c+F8Q801pohupcokvNN6I4v/3VhaI7HmQ5xTz490 root@ubuntu-xenial
[   14.385695] cloud-init[935]: The key's randomart image is:
         Starting /etc/rc.local Compatibility...
[   14.386076] cloud-init[935]: +---[RSA 2048]----+
[   14.422053] cloud-init[935]: |                 |
[   14.428196] cloud-init[935]: |           o    .|
         Starting Virtualbox guest utils...
[   14.428809] cloud-init[935]: |        . o =.oo.|
[   14.458976] cloud-init[935]: |         * +o*o*.|
[   14.459587] cloud-init[935]: |        S B+o O +|
[[0;32m  OK  [0m] Started Deferred execution scheduler.
[   14.460195] cloud-init[935]: |       o.oo+o* +E|
[   14.494651] cloud-init[935]: |      +o++..+ o .|
[   14.510021] cloud-init[935]: |   . . ++o .   ..|
[   14.510623]          Starting Snappy daemon...
cloud-init[935]: |  ..o...o.o.    .|
         [   14.519331] cloud-init[935]: +----[SHA256]-----+
[   14.521010] cloud-init[935]: Generating public/private dsa key pair.
Starting LSB: Record successful boot for GRUB...
[[0;32m  OK  [0m] Started D-Bus System Message Bus.
[   14.522045] cloud-init[935]: Your identification has been saved in /etc/ssh/ssh_host_dsa_key.
[   14.593015] cloud-init[935]: Your public key has been saved in /etc/ssh/ssh_host_dsa_key.pub.
[   14.613546] cloud-init[935]: [[0;32m  OK  [0m] Started Unattended Upgrades Shutdown.
The key fingerprint is:
[   14.638104] cloud-init[935]: SHA256:eP9cNe1IYqpORF2nTwu+udBcD7NOiH8qRZyZ4E1wQDY root@ubuntu-xenial
         Starting LXD - container startup/shutdown...
[   14.692279] cloud-init[935]: The key's randomart image is:
[[0;32m  OK  [0m] Started FUSE filesystem for LXC.
[[0;32m  OK  [0m] Started ACPI event daemon.
         Starting System Logging Service...
         Starting LSB: MD monitoring daemon...
[   14.707927] cloud-init[935]: +---[DSA 1024]----+
         Starting Login Service...
[[0;32m  OK  [0m] Started Pollinate to seed the pseudo random number generator.
[[0;32m  OK  [0m] Started /etc/rc.local Compatibility.
[   14.739764] cloud-init[935]: |         .Eoo .  |
[[0;32m  OK  [0m] Started System Logging Service.
[   14.767817] cloud-init[935]: |         o.+.o   |
[   14.784349] cloud-init[935]: |        ...=o+.  |
[   14.788877] cloud-init[935]: |       o  ..B+ ..|
[   14.803948] cloud-init[935]: |      . S  .+ B.o|
[[0;32m  OK  [0m] Started LXD - container startup/shutdown.[   14.808111] cloud-init[935]: |       o . *.B O.|
[   14.811734] cloud-init[935]: |        . =.* = o|
[   14.814016] cloud-init[935]: |       . ..= =.  |
[   14.815717] cloud-init[935]: |       .o  .*o.  |
[   14.815871] cloud-init[935]: +----[SHA256]-----+
[   14.816003] cloud-init[935]: Generating public/private ecdsa key pair.
[   14.816236] cloud-init[935]: Your identification has been saved in /etc/ssh/ssh_host_ecdsa_key.

[   14.816542] cloud-init[935]: Your public key has been saved in /etc/ssh/ssh_host_ecdsa_key.pub.
[   14.842522] cloud-init[935]: The key fingerprint is:
[   14.845438] cloud-init[935]: SHA256:XBIjfna0xTCpgAoRib/xXihxrMSXiCbdswQxXFWltms root@ubuntu-xenial
[   14.849873] cloud-init[935]: The key's randomart image is:
[   14.862957] cloud-init[935]: +---[ECDSA 256]---+
[   14.863625] cloud-init[935]: |+=oo.oo.+.=+.    |
[[0;32m  OK  [0m] Started Snappy daemon.
[   14.865239] cloud-init[935]: |+ o..... =.+.    |
[[   14.884991] cloud-init[935]: | * * ...*.+      |
[   14.885930] cloud-init[935]: |o.X O  =.=       |
[0;32m  OK  [0m] Started Login to default iSCSI targets.
[   14.886293] cloud-init[935]: |o. X +  S        |
[   14.932483] cloud-init[935]: |  + + .  .       |
[   14.936926] cloud-init[935]: |   o .  E        |
[   14.941810] cloud-init[935]: |    .  .         |
[   14.944391] cloud-init[935]: |                 |
[   14.947326] cloud-init[935]: +----[SHA256]-----+
[   14.950326] cloud-init[935]: Generating public/private ed25519 key pair.
[   14.955583] cloud-init[935]: Your identification has been saved in /etc/ssh/ssh_host_ed25519_key.
[[0;32m  OK  [0m] Started LSB: Record successful boot for GRUB.
[[0;32m  OK  [0m] Started LSB: MD monitoring daemon.
[   14.977213] cloud-init[935]: Your public key has been saved in /etc/ssh/ssh_host_ed25519_key.pub.
[   14.995340] cloud-init[935]: The key fingerprint is:
[   14.998625] cloud-init[935]: SHA256:EXPMu/1Qk0K20dhzWgFj1SxZT6z8pOGXKh4v+msXPmo root@ubuntu-xenial
[   15.003456] cloud-init[935]: The key's randomart image is:
         Starting Authenticate and Authorize Users to Run Privileged Tasks...
[[0;32m  OK  [0m] Reached target Remote File Systems (Pre).
[[0;32m  OK  [0m] Reached target Remote File Systems.
         Starting LSB: automatic crash report generation...
         Starting LSB: daemon to balance interrupts for SMP systems...[   15.011952] 
         Starting Permit User Sessions...
         Starting LSB: Set the CPU Frequency Scaling governor to "ondemand"...
         Starting Wait until snapd is fully seeded...
         Starting OpenBSD Secure Shell server...
[[0;32m  OK  [0m] Started Virtualbox guest utils.
[[0;32m  OK  [0m] Started Permit User Sessions.
[[0;32m  OK  [0m] Started Login Service.
cloud-init[935]: +--[ED25519 256]--+
[   15.058045] cloud-init[935]: |        oo.  BoB=|
[   15.063205] cloud-init[935]: |         +o * B.B|
[   15.069120] cloud-init[935]: |        .  + + O.|
[   15.076540] cloud-init[935]: |         .. o O .|
[   15.080731] cloud-init[935]: |        S  o + *.|
         Starting Terminate Plymouth Boot Screen...
         Starting Hold until boot process finishes up...
[[0;32m  OK  [0m] Started LSB: Set the CPU Frequency Scaling governor to "ondemand".
[   15.094538] [[0;32m  OK  [0m] Started Terminate Plymouth Boot Screen.
[[0;32m  OK  [0m] Started Hold until boot process finishes up.
cloud-init[935]: |          . o.o.o|
[   15.123058] cloud-init[935]: |           ..oo. |
[   15.136674] cloud-init[935]: |           Eo=.  |
[   15.142513] cloud-init[935]: |         .*=*..  |
[   15.148424] [[0;32m  OK  [0m] Started Serial Getty on ttyS0.
[[0;32m  OK  [0m] Started Getty on tty1.
[[0;32m  OK  [0m] Reached target Login Prompts.
cloud-init[935]: +----[SHA256]-----+
         Starting Set console scheme...
[[0;32m  OK  [0m] Started OpenBSD Secure Shell server.
[[0;32m  OK  [0m] Started LSB: daemon to balance interrupts for SMP systems.
[[0;32m  OK  [0m] Started Set console scheme.
[[0;32m  OK  [0m] Started Authenticate and Authorize Users to Run Privileged Tasks.
[[0;32m  OK  [0m] Started Accounts Service.
[[0;32m  OK  [0m] Started LSB: automatic crash report generation.
[[0;32m  OK  [0m] Started Wait until snapd is fully seeded.
[[0;32m  OK  [0m] Reached target Multi-User System.
[[0;32m  OK  [0m] Reached target Graphical Interface.
         Starting Update UTMP about System Runlevel Changes...
         Starting Apply the settings specified in cloud-config...
[[0;32m  OK  [0m] Started Update UTMP about System Runlevel Changes.
[   16.577092] cloud-init[1266]: Generating locales (this might take a while)...
[   17.318518] cloud-init[1266]:   en_US.UTF-8... done
[   17.324953] cloud-init[1266]: Generation complete.
[[0;32m  OK  [0m] Created slice User Slice of vagrant.
         Starting User Manager for UID 1000...
[[0;32m  OK  [0m] Started Session 1 of user vagrant.
[[0;32m  OK  [0m] Started User Manager for UID 1000.
[   17.664692] cloud-init[1266]: Cloud-init v. 18.4-0ubuntu1~16.04.2 running 'modules:config' at Tue, 29 Jan 2019 21:59:46 +0000. Up 16.49 seconds.
[[0;32m  OK  [0m] Started Apply the settings specified in cloud-config.
         Starting Execute cloud user/final scripts...
ci-info: no authorized ssh keys fingerprints found for user ubuntu.
<14>Jan 29 21:59:48 ec2: 
<14>Jan 29 21:59:48 ec2: #############################################################
<14>Jan 29 21:59:48 ec2: -----BEGIN SSH HOST KEY FINGERPRINTS-----
<14>Jan 29 21:59:48 ec2: 1024 SHA256:eP9cNe1IYqpORF2nTwu+udBcD7NOiH8qRZyZ4E1wQDY root@ubuntu-xenial (DSA)
<14>Jan 29 21:59:48 ec2: 256 SHA256:XBIjfna0xTCpgAoRib/xXihxrMSXiCbdswQxXFWltms root@ubuntu-xenial (ECDSA)
<14>Jan 29 21:59:48 ec2: 256 SHA256:EXPMu/1Qk0K20dhzWgFj1SxZT6z8pOGXKh4v+msXPmo root@ubuntu-xenial (ED25519)
<14>Jan 29 21:59:48 ec2: 2048 SHA256:/R2c+F8Q801pohupcokvNN6I4v/3VhaI7HmQ5xTz490 root@ubuntu-xenial (RSA)
<14>Jan 29 21:59:48 ec2: -----END SSH HOST KEY FINGERPRINTS-----
<14>Jan 29 21:59:48 ec2: #############################################################
-----BEGIN SSH HOST KEY KEYS-----
ecdsa-sha2-nistp256 AAAAE2VjZHNhLXNoYTItbmlzdHAyNTYAAAAIbmlzdHAyNTYAAABBBKLlGpXX2tlMC+PDgoijcRkAfebaOlNX5oOIwjE8+sG5k93JBmqlGMxb5DooO2o9ivZr0cop8dlBIuiZk+AbQ4A= root@ubuntu-xenial
ssh-ed25519 AAAAC3NzaC1lZDI1NTE5AAAAIHqRcCX2QwPaCp0VGy7Z2NduA6ecpLTnGhNFEj4I7Iku root@ubuntu-xenial
ssh-rsa AAAAB3NzaC1yc2EAAAADAQABAAABAQDQxdkQfSog/rnHYQ7bjeIuFempCT9l+4wmYN1bqpSjEpXrb3HewRFf5T0kWxoaYxC6glyitAbCVuTmAFmY41I7iUztd/6f0OfINE04FDk6ebHudZ4BnDjx4Vwqg++nh6xjQMwHs7mN9jT3BrGqVl6r/M5bVd+IC3TLbphzcnS5MBHmdWrMOdE2q9062Wn8hcDRi37m7Ukyz4rlGjycqEvNNpRzhctfauwxPeIQ/c8FsC4nBQnGiC8ij29giTcA1cT2ID24Zayu4FQJ2lBp/IkVX5Jz5S/30+SMGrQ17K6I6TLnpa+kC54kOqXrZwScUveOqqBMajJtYYvC4eUlLfSx root@ubuntu-xenial
-----END SSH HOST KEY KEYS-----
[   18.590776] cloud-init[1369]: Cloud-init v. 18.4-0ubuntu1~16.04.2 running 'modules:final' at Tue, 29 Jan 2019 21:59:48 +0000. Up 18.32 seconds.
[   18.647246] cloud-init[1369]: ci-info: no authorized ssh keys fingerprints found for user ubuntu.
[   18.656110] cloud-init[1369]: Cloud-init v. 18.4-0ubuntu1~16.04.2 finished at Tue, 29 Jan 2019 21:59:48 +0000. Datasource DataSourceNoCloud [seed=/dev/sdb][dsmode=net].  Up 18.57 seconds
[[0;32m  OK  [0m] Started Execute cloud user/final scripts.
[[0;32m  OK  [0m] Reached target Cloud-init target.

Ubuntu 16.04.5 LTS ubuntu-xenial ttyS0

ubuntu-xenial login: 